<?xml version="1.0" encoding="utf-8"?>
<coverage line-rate="1" branch-rate="1" version="1.9" timestamp="1770669979" lines-covered="3" lines-valid="3" branches-covered="0" branches-valid="0">
  <sources>
    <source>C:\</source>
  </sources>
  <packages>
    <package name="SuwayomiSourceMerge.Testing" line-rate="1" branch-rate="1" complexity="1">
      <classes>
        <class name="SuwayomiSourceMerge.Testing.TestPathHelper" filename="Documents\projects\SuwayomiSourceMerge\tests\SuwayomiSourceMerge.Testing\Class1.cs" line-rate="1" branch-rate="1" complexity="1">
          <methods>
            <method name="Combine" signature="(System.String[])" line-rate="1" branch-rate="1" complexity="1">
              <lines>
                <line number="14" hits="1" branch="False" />
                <line number="15" hits="1" branch="False" />
                <line number="16" hits="1" branch="False" />
              </lines>
            </method>
          </methods>
          <lines>
            <line number="14" hits="1" branch="False" />
            <line number="15" hits="1" branch="False" />
            <line number="16" hits="1" branch="False" />
          </lines>
        </class>
      </classes>
    </package>
  </packages>
</coverage>