<?xml version="1.0" encoding="utf-8"?>
<coverage line-rate="0.9222" branch-rate="0.8848" version="1.9" timestamp="1770669802" lines-covered="925" lines-valid="1003" branches-covered="315" branches-valid="356">
  <sources>
    <source>C:\Documents\projects\SuwayomiSourceMerge\</source>
  </sources>
  <packages>
    <package name="SuwayomiSourceMerge" line-rate="0.922" branch-rate="0.8848" complexity="470">
      <classes>
        <class name="Program" filename="SuwayomiSourceMerge\Program.cs" line-rate="0" branch-rate="1" complexity="1">
          <methods>
            <method name="&lt;Main&gt;$" signature="(System.String[])" line-rate="0" branch-rate="1" complexity="1">
              <lines>
                <line number="2" hits="0" branch="False" />
              </lines>
            </method>
          </methods>
          <lines>
            <line number="2" hits="0" branch="False" />
          </lines>
        </class>
        <class name="SuwayomiSourceMerge.Configuration.Validation.MangaEquivalentsDocumentValidator" filename="SuwayomiSourceMerge\Configuration\Validation\MangaEquivalentsDocumentValidator.cs" line-rate="0.7095999999999999" branch-rate="0.7" complexity="20">
          <methods>
            <method name="Validate" signature="(SuwayomiSourceMerge.Configuration.Documents.MangaEquivalentsDocument,System.String)" line-rate="0.6875" branch-rate="0.6428" complexity="14">
              <lines>
                <line number="19" hits="19" branch="False" />
                <line number="20" hits="19" branch="False" />
                <line number="21" hits="18" branch="False" />
                <line number="23" hits="17" branch="False" />
                <line number="25" hits="17" branch="True" condition-coverage="50% (1/2)">
                  <conditions>
                    <condition number="42" type="jump" coverage="50%" />
                  </conditions>
                </line>
                <line number="26" hits="0" branch="False" />
                <line number="27" hits="0" branch="False" />
                <line number="28" hits="0" branch="False" />
                <line number="31" hits="17" branch="False" />
                <line number="32" hits="17" branch="False" />
                <line number="34" hits="64" branch="True" condition-coverage="100% (2/2)">
                  <conditions>
                    <condition number="609" type="jump" coverage="100%" />
                  </conditions>
                </line>
                <line number="35" hits="15" branch="False" />
                <line number="36" hits="15" branch="False" />
                <line number="37" hits="15" branch="False" />
                <line number="39" hits="15" branch="True" condition-coverage="50% (1/2)">
                  <conditions>
                    <condition number="198" type="jump" coverage="50%" />
                  </conditions>
                </line>
                <line number="40" hits="0" branch="False" />
                <line number="41" hits="0" branch="False" />
                <line number="42" hits="0" branch="False" />
                <line number="45" hits="15" branch="True" condition-coverage="50% (1/2)">
                  <conditions>
                    <condition number="255" type="jump" coverage="50%" />
                  </conditions>
                </line>
                <line number="46" hits="0" branch="False" />
                <line number="47" hits="0" branch="False" />
                <line number="48" hits="0" branch="False" />
                <line number="51" hits="15" branch="False" />
                <line number="52" hits="15" branch="False" />
                <line number="54" hits="15" branch="True" condition-coverage="50% (1/2)">
                  <conditions>
                    <condition number="336" type="jump" coverage="50%" />
                  </conditions>
                </line>
                <line number="55" hits="0" branch="False" />
                <line number="56" hits="0" branch="False" />
                <line number="57" hits="0" branch="False" />
                <line number="59" hits="15" branch="False" />
                <line number="61" hits="60" branch="True" condition-coverage="100% (2/2)">
                  <conditions>
                    <condition number="578" type="jump" coverage="100%" />
                  </conditions>
                </line>
                <line number="62" hits="15" branch="False" />
                <line number="63" hits="15" branch="False" />
                <line number="64" hits="15" branch="False" />
                <line number="66" hits="15" branch="True" condition-coverage="50% (1/2)">
                  <conditions>
                    <condition number="501" type="jump" coverage="50%" />
                  </conditions>
                </line>
                <line number="67" hits="0" branch="False" />
                <line number="68" hits="0" branch="False" />
                <line number="69" hits="0" branch="False" />
                <line number="72" hits="15" branch="False" />
                <line number="73" hits="15" branch="False" />
                <line number="74" hits="15" branch="False" />
                <line number="75" hits="15" branch="False" />
                <line number="76" hits="15" branch="False" />
                <line number="77" hits="15" branch="False" />
                <line number="78" hits="15" branch="False" />
                <line number="79" hits="15" branch="False" />
                <line number="80" hits="15" branch="False" />
                <line number="82" hits="17" branch="False" />
                <line number="83" hits="17" branch="False" />
              </lines>
            </method>
            <method name="RegisterAlias" signature="(System.String,System.String,System.String,System.String,System.Collections.Generic.IDictionary`2&lt;System.String,System.String&gt;,SuwayomiSourceMerge.Configuration.Validation.ValidationResult)" line-rate="0.7857" branch-rate="0.8332999999999999" complexity="6">
              <lines>
                <line number="92" hits="30" branch="False" />
                <line number="93" hits="30" branch="True" condition-coverage="50% (1/2)">
                  <conditions>
                    <condition number="9" type="jump" coverage="50%" />
                  </conditions>
                </line>
                <line number="94" hits="0" branch="False" />
                <line number="95" hits="0" branch="False" />
                <line number="96" hits="0" branch="False" />
                <line number="99" hits="30" branch="True" condition-coverage="100% (2/2)">
                  <conditions>
                    <condition number="54" type="jump" coverage="100%" />
                  </conditions>
                </line>
                <line number="100" hits="24" branch="False" />
                <line number="101" hits="24" branch="False" />
                <line number="102" hits="24" branch="False" />
                <line number="105" hits="6" branch="True" condition-coverage="100% (2/2)">
                  <conditions>
                    <condition number="82" type="jump" coverage="100%" />
                  </conditions>
                </line>
                <line number="106" hits="3" branch="False" />
                <line number="107" hits="3" branch="False" />
                <line number="108" hits="3" branch="False" />
                <line number="109" hits="30" branch="False" />
              </lines>
            </method>
          </methods>
          <lines>
            <line number="19" hits="19" branch="False" />
            <line number="20" hits="19" branch="False" />
            <line number="21" hits="18" branch="False" />
            <line number="23" hits="17" branch="False" />
            <line number="25" hits="17" branch="True" condition-coverage="50% (1/2)">
              <conditions>
                <condition number="42" type="jump" coverage="50%" />
              </conditions>
            </line>
            <line number="26" hits="0" branch="False" />
            <line number="27" hits="0" branch="False" />
            <line number="28" hits="0" branch="False" />
            <line number="31" hits="17" branch="False" />
            <line number="32" hits="17" branch="False" />
            <line number="34" hits="64" branch="True" condition-coverage="100% (2/2)">
              <conditions>
                <condition number="609" type="jump" coverage="100%" />
              </conditions>
            </line>
            <line number="35" hits="15" branch="False" />
            <line number="36" hits="15" branch="False" />
            <line number="37" hits="15" branch="False" />
            <line number="39" hits="15" branch="True" condition-coverage="50% (1/2)">
              <conditions>
                <condition number="198" type="jump" coverage="50%" />
              </conditions>
            </line>
            <line number="40" hits="0" branch="False" />
            <line number="41" hits="0" branch="False" />
            <line number="42" hits="0" branch="False" />
            <line number="45" hits="15" branch="True" condition-coverage="50% (1/2)">
              <conditions>
                <condition number="255" type="jump" coverage="50%" />
              </conditions>
            </line>
            <line number="46" hits="0" branch="False" />
            <line number="47" hits="0" branch="False" />
            <line number="48" hits="0" branch="False" />
            <line number="51" hits="15" branch="False" />
            <line number="52" hits="15" branch="False" />
            <line number="54" hits="15" branch="True" condition-coverage="50% (1/2)">
              <conditions>
                <condition number="336" type="jump" coverage="50%" />
              </conditions>
            </line>
            <line number="55" hits="0" branch="False" />
            <line number="56" hits="0" branch="False" />
            <line number="57" hits="0" branch="False" />
            <line number="59" hits="15" branch="False" />
            <line number="61" hits="60" branch="True" condition-coverage="100% (2/2)">
              <conditions>
                <condition number="578" type="jump" coverage="100%" />
              </conditions>
            </line>
            <line number="62" hits="15" branch="False" />
            <line number="63" hits="15" branch="False" />
            <line number="64" hits="15" branch="False" />
            <line number="66" hits="15" branch="True" condition-coverage="50% (1/2)">
              <conditions>
                <condition number="501" type="jump" coverage="50%" />
              </conditions>
            </line>
            <line number="67" hits="0" branch="False" />
            <line number="68" hits="0" branch="False" />
            <line number="69" hits="0" branch="False" />
            <line number="72" hits="15" branch="False" />
            <line number="73" hits="15" branch="False" />
            <line number="74" hits="15" branch="False" />
            <line number="75" hits="15" branch="False" />
            <line number="76" hits="15" branch="False" />
            <line number="77" hits="15" branch="False" />
            <line number="78" hits="15" branch="False" />
            <line number="79" hits="15" branch="False" />
            <line number="80" hits="15" branch="False" />
            <line number="82" hits="17" branch="False" />
            <line number="83" hits="17" branch="False" />
            <line number="92" hits="30" branch="False" />
            <line number="93" hits="30" branch="True" condition-coverage="50% (1/2)">
              <conditions>
                <condition number="9" type="jump" coverage="50%" />
              </conditions>
            </line>
            <line number="94" hits="0" branch="False" />
            <line number="95" hits="0" branch="False" />
            <line number="96" hits="0" branch="False" />
            <line number="99" hits="30" branch="True" condition-coverage="100% (2/2)">
              <conditions>
                <condition number="54" type="jump" coverage="100%" />
              </conditions>
            </line>
            <line number="100" hits="24" branch="False" />
            <line number="101" hits="24" branch="False" />
            <line number="102" hits="24" branch="False" />
            <line number="105" hits="6" branch="True" condition-coverage="100% (2/2)">
              <conditions>
                <condition number="82" type="jump" coverage="100%" />
              </conditions>
            </line>
            <line number="106" hits="3" branch="False" />
            <line number="107" hits="3" branch="False" />
            <line number="108" hits="3" branch="False" />
            <line number="109" hits="30" branch="False" />
          </lines>
        </class>
        <class name="SuwayomiSourceMerge.Configuration.Validation.SceneTagsDocumentValidator" filename="SuwayomiSourceMerge\Configuration\Validation\SceneTagsDocumentValidator.cs" line-rate="0.76" branch-rate="0.7" complexity="10">
          <methods>
            <method name="Validate" signature="(SuwayomiSourceMerge.Configuration.Documents.SceneTagsDocument,System.String)" line-rate="0.76" branch-rate="0.7" complexity="10">
              <lines>
                <line number="16" hits="19" branch="False" />
                <line number="17" hits="19" branch="False" />
                <line number="18" hits="18" branch="False" />
                <line number="20" hits="17" branch="False" />
                <line number="22" hits="17" branch="True" condition-coverage="50% (2/4)">
                  <conditions>
                    <condition number="37" type="jump" coverage="50%" />
                    <condition number="58" type="jump" coverage="50%" />
                  </conditions>
                </line>
                <line number="23" hits="0" branch="False" />
                <line number="24" hits="0" branch="False" />
                <line number="25" hits="0" branch="False" />
                <line number="28" hits="17" branch="False" />
                <line number="30" hits="962" branch="True" condition-coverage="100% (2/2)">
                  <conditions>
                    <condition number="305" type="jump" coverage="100%" />
                  </conditions>
                </line>
                <line number="31" hits="464" branch="False" />
                <line number="32" hits="464" branch="False" />
                <line number="33" hits="464" branch="False" />
                <line number="35" hits="464" branch="True" condition-coverage="50% (1/2)">
                  <conditions>
                    <condition number="196" type="jump" coverage="50%" />
                  </conditions>
                </line>
                <line number="36" hits="0" branch="False" />
                <line number="37" hits="0" branch="False" />
                <line number="38" hits="0" branch="False" />
                <line number="41" hits="464" branch="False" />
                <line number="42" hits="464" branch="True" condition-coverage="100% (2/2)">
                  <conditions>
                    <condition number="250" type="jump" coverage="100%" />
                  </conditions>
                </line>
                <line number="43" hits="2" branch="False" />
                <line number="44" hits="2" branch="False" />
                <line number="45" hits="2" branch="False" />
                <line number="46" hits="464" branch="False" />
                <line number="48" hits="17" branch="False" />
                <line number="49" hits="17" branch="False" />
              </lines>
            </method>
          </methods>
          <lines>
            <line number="16" hits="19" branch="False" />
            <line number="17" hits="19" branch="False" />
            <line number="18" hits="18" branch="False" />
            <line number="20" hits="17" branch="False" />
            <line number="22" hits="17" branch="True" condition-coverage="50% (2/4)">
              <conditions>
                <condition number="37" type="jump" coverage="50%" />
                <condition number="58" type="jump" coverage="50%" />
              </conditions>
            </line>
            <line number="23" hits="0" branch="False" />
            <line number="24" hits="0" branch="False" />
            <line number="25" hits="0" branch="False" />
            <line number="28" hits="17" branch="False" />
            <line number="30" hits="962" branch="True" condition-coverage="100% (2/2)">
              <conditions>
                <condition number="305" type="jump" coverage="100%" />
              </conditions>
            </line>
            <line number="31" hits="464" branch="False" />
            <line number="32" hits="464" branch="False" />
            <line number="33" hits="464" branch="False" />
            <line number="35" hits="464" branch="True" condition-coverage="50% (1/2)">
              <conditions>
                <condition number="196" type="jump" coverage="50%" />
              </conditions>
            </line>
            <line number="36" hits="0" branch="False" />
            <line number="37" hits="0" branch="False" />
            <line number="38" hits="0" branch="False" />
            <line number="41" hits="464" branch="False" />
            <line number="42" hits="464" branch="True" condition-coverage="100% (2/2)">
              <conditions>
                <condition number="250" type="jump" coverage="100%" />
              </conditions>
            </line>
            <line number="43" hits="2" branch="False" />
            <line number="44" hits="2" branch="False" />
            <line number="45" hits="2" branch="False" />
            <line number="46" hits="464" branch="False" />
            <line number="48" hits="17" branch="False" />
            <line number="49" hits="17" branch="False" />
          </lines>
        </class>
        <class name="SuwayomiSourceMerge.Configuration.Validation.SettingsDocumentValidator" filename="SuwayomiSourceMerge\Configuration\Validation\SettingsDocumentValidator.cs" line-rate="0.7676999999999999" branch-rate="0.75" complexity="48">
          <methods>
            <method name="Validate" signature="(SuwayomiSourceMerge.Configuration.Documents.SettingsDocument,System.String)" line-rate="1" branch-rate="1" complexity="14">
              <lines>
                <line number="19" hits="19" branch="False" />
                <line number="20" hits="19" branch="False" />
                <line number="21" hits="18" branch="False" />
                <line number="23" hits="17" branch="False" />
                <line number="25" hits="17" branch="False" />
                <line number="26" hits="17" branch="False" />
                <line number="27" hits="17" branch="False" />
                <line number="28" hits="17" branch="False" />
                <line number="29" hits="17" branch="False" />
                <line number="30" hits="17" branch="False" />
                <line number="31" hits="17" branch="False" />
                <line number="33" hits="17" branch="True" condition-coverage="100% (2/2)">
                  <conditions>
                    <condition number="178" type="jump" coverage="100%" />
                  </conditions>
                </line>
                <line number="34" hits="17" branch="False" />
                <line number="35" hits="17" branch="False" />
                <line number="36" hits="17" branch="False" />
                <line number="37" hits="17" branch="False" />
                <line number="38" hits="17" branch="False" />
                <line number="39" hits="17" branch="False" />
                <line number="40" hits="17" branch="False" />
                <line number="41" hits="17" branch="False" />
                <line number="42" hits="17" branch="False" />
                <line number="44" hits="17" branch="True" condition-coverage="100% (2/2)">
                  <conditions>
                    <condition number="367" type="jump" coverage="100%" />
                  </conditions>
                </line>
                <line number="45" hits="17" branch="False" />
                <line number="46" hits="17" branch="False" />
                <line number="47" hits="17" branch="False" />
                <line number="48" hits="17" branch="False" />
                <line number="49" hits="17" branch="False" />
                <line number="50" hits="17" branch="False" />
                <line number="52" hits="17" branch="True" condition-coverage="100% (2/2)">
                  <conditions>
                    <condition number="481" type="jump" coverage="100%" />
                  </conditions>
                </line>
                <line number="53" hits="17" branch="False" />
                <line number="54" hits="17" branch="False" />
                <line number="55" hits="17" branch="False" />
                <line number="56" hits="17" branch="False" />
                <line number="57" hits="17" branch="False" />
                <line number="58" hits="17" branch="False" />
                <line number="60" hits="17" branch="True" condition-coverage="100% (2/2)">
                  <conditions>
                    <condition number="597" type="jump" coverage="100%" />
                  </conditions>
                </line>
                <line number="61" hits="17" branch="False" />
                <line number="62" hits="17" branch="False" />
                <line number="63" hits="17" branch="False" />
                <line number="64" hits="17" branch="False" />
                <line number="65" hits="17" branch="False" />
                <line number="66" hits="17" branch="False" />
                <line number="67" hits="17" branch="False" />
                <line number="68" hits="17" branch="False" />
                <line number="69" hits="17" branch="False" />
                <line number="70" hits="17" branch="False" />
                <line number="71" hits="17" branch="False" />
                <line number="72" hits="17" branch="False" />
                <line number="74" hits="17" branch="True" condition-coverage="100% (2/2)">
                  <conditions>
                    <condition number="860" type="jump" coverage="100%" />
                  </conditions>
                </line>
                <line number="75" hits="17" branch="False" />
                <line number="76" hits="17" branch="False" />
                <line number="77" hits="17" branch="False" />
                <line number="78" hits="17" branch="False" />
                <line number="79" hits="17" branch="False" />
                <line number="80" hits="17" branch="False" />
                <line number="81" hits="17" branch="False" />
                <line number="82" hits="17" branch="False" />
                <line number="84" hits="17" branch="True" condition-coverage="100% (2/2)">
                  <conditions>
                    <condition number="1027" type="jump" coverage="100%" />
                  </conditions>
                </line>
                <line number="85" hits="17" branch="False" />
                <line number="86" hits="17" branch="False" />
                <line number="87" hits="17" branch="False" />
                <line number="88" hits="17" branch="False" />
                <line number="89" hits="17" branch="False" />
                <line number="91" hits="17" branch="True" condition-coverage="100% (2/2)">
                  <conditions>
                    <condition number="1119" type="jump" coverage="100%" />
                  </conditions>
                </line>
                <line number="92" hits="17" branch="False" />
                <line number="93" hits="17" branch="False" />
                <line number="94" hits="17" branch="False" />
                <line number="95" hits="17" branch="False" />
                <line number="96" hits="17" branch="False" />
                <line number="97" hits="17" branch="False" />
                <line number="98" hits="17" branch="False" />
                <line number="99" hits="17" branch="False" />
                <line number="100" hits="17" branch="False" />
                <line number="102" hits="17" branch="False" />
                <line number="103" hits="17" branch="False" />
              </lines>
            </method>
            <method name="ValidateRequiredSection" signature="(System.Object,System.String,System.String,SuwayomiSourceMerge.Configuration.Validation.ValidationResult)" line-rate="0.5" branch-rate="0.5" complexity="2">
              <lines>
                <line number="106" hits="119" branch="False" />
                <line number="107" hits="119" branch="True" condition-coverage="50% (1/2)">
                  <conditions>
                    <condition number="7" type="jump" coverage="50%" />
                  </conditions>
                </line>
                <line number="108" hits="0" branch="False" />
                <line number="109" hits="0" branch="False" />
                <line number="110" hits="0" branch="False" />
                <line number="111" hits="119" branch="False" />
              </lines>
            </method>
            <method name="ValidateRequired" signature="(System.Nullable`1&lt;T&gt;,System.String,System.String,SuwayomiSourceMerge.Configuration.Validation.ValidationResult)" line-rate="0.5" branch-rate="0.5" complexity="2">
              <lines>
                <line number="115" hits="187" branch="False" />
                <line number="116" hits="187" branch="True" condition-coverage="50% (1/2)">
                  <conditions>
                    <condition number="13" type="jump" coverage="50%" />
                  </conditions>
                </line>
                <line number="117" hits="0" branch="False" />
                <line number="118" hits="0" branch="False" />
                <line number="119" hits="0" branch="False" />
                <line number="120" hits="187" branch="False" />
              </lines>
            </method>
            <method name="ValidateRequired" signature="(System.String,System.String,System.String,SuwayomiSourceMerge.Configuration.Validation.ValidationResult)" line-rate="0.5" branch-rate="0.5" complexity="2">
              <lines>
                <line number="123" hits="17" branch="False" />
                <line number="124" hits="17" branch="True" condition-coverage="50% (1/2)">
                  <conditions>
                    <condition number="9" type="jump" coverage="50%" />
                  </conditions>
                </line>
                <line number="125" hits="0" branch="False" />
                <line number="126" hits="0" branch="False" />
                <line number="127" hits="0" branch="False" />
                <line number="128" hits="17" branch="False" />
              </lines>
            </method>
            <method name="ValidateRequiredPath" signature="(System.String,System.String,System.String,SuwayomiSourceMerge.Configuration.Validation.ValidationResult)" line-rate="0.4" branch-rate="0.5" complexity="4">
              <lines>
                <line number="131" hits="136" branch="False" />
                <line number="132" hits="136" branch="True" condition-coverage="50% (1/2)">
                  <conditions>
                    <condition number="9" type="jump" coverage="50%" />
                  </conditions>
                </line>
                <line number="133" hits="0" branch="False" />
                <line number="134" hits="0" branch="False" />
                <line number="135" hits="0" branch="False" />
                <line number="138" hits="136" branch="True" condition-coverage="50% (1/2)">
                  <conditions>
                    <condition number="49" type="jump" coverage="50%" />
                  </conditions>
                </line>
                <line number="139" hits="0" branch="False" />
                <line number="140" hits="0" branch="False" />
                <line number="141" hits="0" branch="False" />
                <line number="142" hits="136" branch="False" />
              </lines>
            </method>
            <method name="ValidatePositive" signature="(System.Nullable`1&lt;System.Int32&gt;,System.String,System.String,SuwayomiSourceMerge.Configuration.Validation.ValidationResult)" line-rate="0.4" branch-rate="0.5" complexity="4">
              <lines>
                <line number="145" hits="221" branch="False" />
                <line number="146" hits="221" branch="True" condition-coverage="50% (1/2)">
                  <conditions>
                    <condition number="13" type="jump" coverage="50%" />
                  </conditions>
                </line>
                <line number="147" hits="0" branch="False" />
                <line number="148" hits="0" branch="False" />
                <line number="149" hits="0" branch="False" />
                <line number="152" hits="221" branch="True" condition-coverage="50% (1/2)">
                  <conditions>
                    <condition number="57" type="jump" coverage="50%" />
                  </conditions>
                </line>
                <line number="153" hits="0" branch="False" />
                <line number="154" hits="0" branch="False" />
                <line number="155" hits="0" branch="False" />
                <line number="156" hits="221" branch="False" />
              </lines>
            </method>
            <method name="ValidateNonNegative" signature="(System.Nullable`1&lt;System.Int32&gt;,System.String,System.String,SuwayomiSourceMerge.Configuration.Validation.ValidationResult)" line-rate="0.4" branch-rate="0.5" complexity="4">
              <lines>
                <line number="159" hits="102" branch="False" />
                <line number="160" hits="102" branch="True" condition-coverage="50% (1/2)">
                  <conditions>
                    <condition number="13" type="jump" coverage="50%" />
                  </conditions>
                </line>
                <line number="161" hits="0" branch="False" />
                <line number="162" hits="0" branch="False" />
                <line number="163" hits="0" branch="False" />
                <line number="166" hits="102" branch="True" condition-coverage="50% (1/2)">
                  <conditions>
                    <condition number="54" type="jump" coverage="50%" />
                  </conditions>
                </line>
                <line number="167" hits="0" branch="False" />
                <line number="168" hits="0" branch="False" />
                <line number="169" hits="0" branch="False" />
                <line number="170" hits="102" branch="False" />
              </lines>
            </method>
            <method name="ValidateDetailsDescriptionMode" signature="(System.String,System.String,System.String,SuwayomiSourceMerge.Configuration.Validation.ValidationResult)" line-rate="0.7272" branch-rate="0.875" complexity="8">
              <lines>
                <line number="173" hits="17" branch="False" />
                <line number="174" hits="17" branch="True" condition-coverage="50% (1/2)">
                  <conditions>
                    <condition number="9" type="jump" coverage="50%" />
                  </conditions>
                </line>
                <line number="175" hits="0" branch="False" />
                <line number="176" hits="0" branch="False" />
                <line number="177" hits="0" branch="False" />
                <line number="180" hits="17" branch="False" />
                <line number="181" hits="17" branch="True" condition-coverage="100% (6/6)">
                  <conditions>
                    <condition number="61" type="jump" coverage="100%" />
                    <condition number="74" type="jump" coverage="100%" />
                    <condition number="92" type="jump" coverage="100%" />
                  </conditions>
                </line>
                <line number="182" hits="2" branch="False" />
                <line number="183" hits="2" branch="False" />
                <line number="184" hits="2" branch="False" />
                <line number="185" hits="17" branch="False" />
              </lines>
            </method>
            <method name="ValidateExcludedSources" signature="(System.Collections.Generic.List`1&lt;System.String&gt;,System.String,System.String,SuwayomiSourceMerge.Configuration.Validation.ValidationResult)" line-rate="0.7142000000000001" branch-rate="0.75" complexity="8">
              <lines>
                <line number="188" hits="17" branch="False" />
                <line number="189" hits="17" branch="True" condition-coverage="50% (1/2)">
                  <conditions>
                    <condition number="7" type="jump" coverage="50%" />
                  </conditions>
                </line>
                <line number="190" hits="0" branch="False" />
                <line number="191" hits="0" branch="False" />
                <line number="192" hits="0" branch="False" />
                <line number="195" hits="17" branch="False" />
                <line number="197" hits="70" branch="True" condition-coverage="100% (2/2)">
                  <conditions>
                    <condition number="238" type="jump" coverage="100%" />
                  </conditions>
                </line>
                <line number="198" hits="18" branch="False" />
                <line number="199" hits="18" branch="False" />
                <line number="200" hits="18" branch="False" />
                <line number="202" hits="18" branch="True" condition-coverage="50% (1/2)">
                  <conditions>
                    <condition number="138" type="jump" coverage="50%" />
                  </conditions>
                </line>
                <line number="203" hits="0" branch="False" />
                <line number="204" hits="0" branch="False" />
                <line number="205" hits="0" branch="False" />
                <line number="208" hits="18" branch="False" />
                <line number="209" hits="18" branch="True" condition-coverage="100% (2/2)">
                  <conditions>
                    <condition number="191" type="jump" coverage="100%" />
                  </conditions>
                </line>
                <line number="210" hits="1" branch="False" />
                <line number="211" hits="1" branch="False" />
                <line number="212" hits="1" branch="False" />
                <line number="213" hits="18" branch="False" />
                <line number="214" hits="17" branch="False" />
              </lines>
            </method>
          </methods>
          <lines>
            <line number="19" hits="19" branch="False" />
            <line number="20" hits="19" branch="False" />
            <line number="21" hits="18" branch="False" />
            <line number="23" hits="17" branch="False" />
            <line number="25" hits="17" branch="False" />
            <line number="26" hits="17" branch="False" />
            <line number="27" hits="17" branch="False" />
            <line number="28" hits="17" branch="False" />
            <line number="29" hits="17" branch="False" />
            <line number="30" hits="17" branch="False" />
            <line number="31" hits="17" branch="False" />
            <line number="33" hits="17" branch="True" condition-coverage="100% (2/2)">
              <conditions>
                <condition number="178" type="jump" coverage="100%" />
              </conditions>
            </line>
            <line number="34" hits="17" branch="False" />
            <line number="35" hits="17" branch="False" />
            <line number="36" hits="17" branch="False" />
            <line number="37" hits="17" branch="False" />
            <line number="38" hits="17" branch="False" />
            <line number="39" hits="17" branch="False" />
            <line number="40" hits="17" branch="False" />
            <line number="41" hits="17" branch="False" />
            <line number="42" hits="17" branch="False" />
            <line number="44" hits="17" branch="True" condition-coverage="100% (2/2)">
              <conditions>
                <condition number="367" type="jump" coverage="100%" />
              </conditions>
            </line>
            <line number="45" hits="17" branch="False" />
            <line number="46" hits="17" branch="False" />
            <line number="47" hits="17" branch="False" />
            <line number="48" hits="17" branch="False" />
            <line number="49" hits="17" branch="False" />
            <line number="50" hits="17" branch="False" />
            <line number="52" hits="17" branch="True" condition-coverage="100% (2/2)">
              <conditions>
                <condition number="481" type="jump" coverage="100%" />
              </conditions>
            </line>
            <line number="53" hits="17" branch="False" />
            <line number="54" hits="17" branch="False" />
            <line number="55" hits="17" branch="False" />
            <line number="56" hits="17" branch="False" />
            <line number="57" hits="17" branch="False" />
            <line number="58" hits="17" branch="False" />
            <line number="60" hits="17" branch="True" condition-coverage="100% (2/2)">
              <conditions>
                <condition number="597" type="jump" coverage="100%" />
              </conditions>
            </line>
            <line number="61" hits="17" branch="False" />
            <line number="62" hits="17" branch="False" />
            <line number="63" hits="17" branch="False" />
            <line number="64" hits="17" branch="False" />
            <line number="65" hits="17" branch="False" />
            <line number="66" hits="17" branch="False" />
            <line number="67" hits="17" branch="False" />
            <line number="68" hits="17" branch="False" />
            <line number="69" hits="17" branch="False" />
            <line number="70" hits="17" branch="False" />
            <line number="71" hits="17" branch="False" />
            <line number="72" hits="17" branch="False" />
            <line number="74" hits="17" branch="True" condition-coverage="100% (2/2)">
              <conditions>
                <condition number="860" type="jump" coverage="100%" />
              </conditions>
            </line>
            <line number="75" hits="17" branch="False" />
            <line number="76" hits="17" branch="False" />
            <line number="77" hits="17" branch="False" />
            <line number="78" hits="17" branch="False" />
            <line number="79" hits="17" branch="False" />
            <line number="80" hits="17" branch="False" />
            <line number="81" hits="17" branch="False" />
            <line number="82" hits="17" branch="False" />
            <line number="84" hits="17" branch="True" condition-coverage="100% (2/2)">
              <conditions>
                <condition number="1027" type="jump" coverage="100%" />
              </conditions>
            </line>
            <line number="85" hits="17" branch="False" />
            <line number="86" hits="17" branch="False" />
            <line number="87" hits="17" branch="False" />
            <line number="88" hits="17" branch="False" />
            <line number="89" hits="17" branch="False" />
            <line number="91" hits="17" branch="True" condition-coverage="100% (2/2)">
              <conditions>
                <condition number="1119" type="jump" coverage="100%" />
              </conditions>
            </line>
            <line number="92" hits="17" branch="False" />
            <line number="93" hits="17" branch="False" />
            <line number="94" hits="17" branch="False" />
            <line number="95" hits="17" branch="False" />
            <line number="96" hits="17" branch="False" />
            <line number="97" hits="17" branch="False" />
            <line number="98" hits="17" branch="False" />
            <line number="99" hits="17" branch="False" />
            <line number="100" hits="17" branch="False" />
            <line number="102" hits="17" branch="False" />
            <line number="103" hits="17" branch="False" />
            <line number="106" hits="119" branch="False" />
            <line number="107" hits="119" branch="True" condition-coverage="50% (1/2)">
              <conditions>
                <condition number="7" type="jump" coverage="50%" />
              </conditions>
            </line>
            <line number="108" hits="0" branch="False" />
            <line number="109" hits="0" branch="False" />
            <line number="110" hits="0" branch="False" />
            <line number="111" hits="119" branch="False" />
            <line number="115" hits="187" branch="False" />
            <line number="116" hits="187" branch="True" condition-coverage="50% (1/2)">
              <conditions>
                <condition number="13" type="jump" coverage="50%" />
              </conditions>
            </line>
            <line number="117" hits="0" branch="False" />
            <line number="118" hits="0" branch="False" />
            <line number="119" hits="0" branch="False" />
            <line number="120" hits="187" branch="False" />
            <line number="123" hits="17" branch="False" />
            <line number="124" hits="17" branch="True" condition-coverage="50% (1/2)">
              <conditions>
                <condition number="9" type="jump" coverage="50%" />
              </conditions>
            </line>
            <line number="125" hits="0" branch="False" />
            <line number="126" hits="0" branch="False" />
            <line number="127" hits="0" branch="False" />
            <line number="128" hits="17" branch="False" />
            <line number="131" hits="136" branch="False" />
            <line number="132" hits="136" branch="True" condition-coverage="50% (1/2)">
              <conditions>
                <condition number="9" type="jump" coverage="50%" />
              </conditions>
            </line>
            <line number="133" hits="0" branch="False" />
            <line number="134" hits="0" branch="False" />
            <line number="135" hits="0" branch="False" />
            <line number="138" hits="136" branch="True" condition-coverage="50% (1/2)">
              <conditions>
                <condition number="49" type="jump" coverage="50%" />
              </conditions>
            </line>
            <line number="139" hits="0" branch="False" />
            <line number="140" hits="0" branch="False" />
            <line number="141" hits="0" branch="False" />
            <line number="142" hits="136" branch="False" />
            <line number="145" hits="221" branch="False" />
            <line number="146" hits="221" branch="True" condition-coverage="50% (1/2)">
              <conditions>
                <condition number="13" type="jump" coverage="50%" />
              </conditions>
            </line>
            <line number="147" hits="0" branch="False" />
            <line number="148" hits="0" branch="False" />
            <line number="149" hits="0" branch="False" />
            <line number="152" hits="221" branch="True" condition-coverage="50% (1/2)">
              <conditions>
                <condition number="57" type="jump" coverage="50%" />
              </conditions>
            </line>
            <line number="153" hits="0" branch="False" />
            <line number="154" hits="0" branch="False" />
            <line number="155" hits="0" branch="False" />
            <line number="156" hits="221" branch="False" />
            <line number="159" hits="102" branch="False" />
            <line number="160" hits="102" branch="True" condition-coverage="50% (1/2)">
              <conditions>
                <condition number="13" type="jump" coverage="50%" />
              </conditions>
            </line>
            <line number="161" hits="0" branch="False" />
            <line number="162" hits="0" branch="False" />
            <line number="163" hits="0" branch="False" />
            <line number="166" hits="102" branch="True" condition-coverage="50% (1/2)">
              <conditions>
                <condition number="54" type="jump" coverage="50%" />
              </conditions>
            </line>
            <line number="167" hits="0" branch="False" />
            <line number="168" hits="0" branch="False" />
            <line number="169" hits="0" branch="False" />
            <line number="170" hits="102" branch="False" />
            <line number="173" hits="17" branch="False" />
            <line number="174" hits="17" branch="True" condition-coverage="50% (1/2)">
              <conditions>
                <condition number="9" type="jump" coverage="50%" />
              </conditions>
            </line>
            <line number="175" hits="0" branch="False" />
            <line number="176" hits="0" branch="False" />
            <line number="177" hits="0" branch="False" />
            <line number="180" hits="17" branch="False" />
            <line number="181" hits="17" branch="True" condition-coverage="100% (6/6)">
              <conditions>
                <condition number="61" type="jump" coverage="100%" />
                <condition number="74" type="jump" coverage="100%" />
                <condition number="92" type="jump" coverage="100%" />
              </conditions>
            </line>
            <line number="182" hits="2" branch="False" />
            <line number="183" hits="2" branch="False" />
            <line number="184" hits="2" branch="False" />
            <line number="185" hits="17" branch="False" />
            <line number="188" hits="17" branch="False" />
            <line number="189" hits="17" branch="True" condition-coverage="50% (1/2)">
              <conditions>
                <condition number="7" type="jump" coverage="50%" />
              </conditions>
            </line>
            <line number="190" hits="0" branch="False" />
            <line number="191" hits="0" branch="False" />
            <line number="192" hits="0" branch="False" />
            <line number="195" hits="17" branch="False" />
            <line number="197" hits="70" branch="True" condition-coverage="100% (2/2)">
              <conditions>
                <condition number="238" type="jump" coverage="100%" />
              </conditions>
            </line>
            <line number="198" hits="18" branch="False" />
            <line number="199" hits="18" branch="False" />
            <line number="200" hits="18" branch="False" />
            <line number="202" hits="18" branch="True" condition-coverage="50% (1/2)">
              <conditions>
                <condition number="138" type="jump" coverage="50%" />
              </conditions>
            </line>
            <line number="203" hits="0" branch="False" />
            <line number="204" hits="0" branch="False" />
            <line number="205" hits="0" branch="False" />
            <line number="208" hits="18" branch="False" />
            <line number="209" hits="18" branch="True" condition-coverage="100% (2/2)">
              <conditions>
                <condition number="191" type="jump" coverage="100%" />
              </conditions>
            </line>
            <line number="210" hits="1" branch="False" />
            <line number="211" hits="1" branch="False" />
            <line number="212" hits="1" branch="False" />
            <line number="213" hits="18" branch="False" />
            <line number="214" hits="17" branch="False" />
          </lines>
        </class>
        <class name="SuwayomiSourceMerge.Configuration.Validation.SourcePriorityDocumentValidator" filename="SuwayomiSourceMerge\Configuration\Validation\SourcePriorityDocumentValidator.cs" line-rate="0.76" branch-rate="0.75" complexity="8">
          <methods>
            <method name="Validate" signature="(SuwayomiSourceMerge.Configuration.Documents.SourcePriorityDocument,System.String)" line-rate="0.76" branch-rate="0.75" complexity="8">
              <lines>
                <line number="16" hits="19" branch="False" />
                <line number="17" hits="19" branch="False" />
                <line number="18" hits="18" branch="False" />
                <line number="20" hits="17" branch="False" />
                <line number="22" hits="17" branch="True" condition-coverage="50% (1/2)">
                  <conditions>
                    <condition number="42" type="jump" coverage="50%" />
                  </conditions>
                </line>
                <line number="23" hits="0" branch="False" />
                <line number="24" hits="0" branch="False" />
                <line number="25" hits="0" branch="False" />
                <line number="28" hits="17" branch="False" />
                <line number="29" hits="64" branch="True" condition-coverage="100% (2/2)">
                  <conditions>
                    <condition number="290" type="jump" coverage="100%" />
                  </conditions>
                </line>
                <line number="30" hits="15" branch="False" />
                <line number="31" hits="15" branch="False" />
                <line number="32" hits="15" branch="False" />
                <line number="34" hits="15" branch="True" condition-coverage="50% (1/2)">
                  <conditions>
                    <condition number="181" type="jump" coverage="50%" />
                  </conditions>
                </line>
                <line number="35" hits="0" branch="False" />
                <line number="36" hits="0" branch="False" />
                <line number="37" hits="0" branch="False" />
                <line number="40" hits="15" branch="False" />
                <line number="41" hits="15" branch="True" condition-coverage="100% (2/2)">
                  <conditions>
                    <condition number="235" type="jump" coverage="100%" />
                  </conditions>
                </line>
                <line number="42" hits="2" branch="False" />
                <line number="43" hits="2" branch="False" />
                <line number="44" hits="2" branch="False" />
                <line number="45" hits="15" branch="False" />
                <line number="47" hits="17" branch="False" />
                <line number="48" hits="17" branch="False" />
              </lines>
            </method>
          </methods>
          <lines>
            <line number="16" hits="19" branch="False" />
            <line number="17" hits="19" branch="False" />
            <line number="18" hits="18" branch="False" />
            <line number="20" hits="17" branch="False" />
            <line number="22" hits="17" branch="True" condition-coverage="50% (1/2)">
              <conditions>
                <condition number="42" type="jump" coverage="50%" />
              </conditions>
            </line>
            <line number="23" hits="0" branch="False" />
            <line number="24" hits="0" branch="False" />
            <line number="25" hits="0" branch="False" />
            <line number="28" hits="17" branch="False" />
            <line number="29" hits="64" branch="True" condition-coverage="100% (2/2)">
              <conditions>
                <condition number="290" type="jump" coverage="100%" />
              </conditions>
            </line>
            <line number="30" hits="15" branch="False" />
            <line number="31" hits="15" branch="False" />
            <line number="32" hits="15" branch="False" />
            <line number="34" hits="15" branch="True" condition-coverage="50% (1/2)">
              <conditions>
                <condition number="181" type="jump" coverage="50%" />
              </conditions>
            </line>
            <line number="35" hits="0" branch="False" />
            <line number="36" hits="0" branch="False" />
            <line number="37" hits="0" branch="False" />
            <line number="40" hits="15" branch="False" />
            <line number="41" hits="15" branch="True" condition-coverage="100% (2/2)">
              <conditions>
                <condition number="235" type="jump" coverage="100%" />
              </conditions>
            </line>
            <line number="42" hits="2" branch="False" />
            <line number="43" hits="2" branch="False" />
            <line number="44" hits="2" branch="False" />
            <line number="45" hits="15" branch="False" />
            <line number="47" hits="17" branch="False" />
            <line number="48" hits="17" branch="False" />
          </lines>
        </class>
        <class name="SuwayomiSourceMerge.Configuration.Validation.ValidationError" filename="SuwayomiSourceMerge\Configuration\Validation\ValidationError.cs" line-rate="1" branch-rate="1" complexity="1">
          <methods>
            <method name="get_File" signature="()" line-rate="1" branch-rate="1" complexity="1">
              <lines>
                <line number="10" hits="50" branch="False" />
              </lines>
            </method>
          </methods>
          <lines>
            <line number="10" hits="50" branch="False" />
          </lines>
        </class>
        <class name="SuwayomiSourceMerge.Configuration.Validation.ValidationKeyNormalizer" filename="SuwayomiSourceMerge\Configuration\Validation\ValidationKeyNormalizer.cs" line-rate="1" branch-rate="1" complexity="23">
          <methods>
            <method name="NormalizeTitleKey" signature="(System.String)" line-rate="1" branch-rate="1" complexity="12">
              <lines>
                <line number="16" hits="283" branch="False" />
                <line number="17" hits="283" branch="False" />
                <line number="19" hits="282" branch="True" condition-coverage="100% (2/2)">
                  <conditions>
                    <condition number="21" type="jump" coverage="100%" />
                  </conditions>
                </line>
                <line number="20" hits="7" branch="False" />
                <line number="21" hits="7" branch="False" />
                <line number="24" hits="275" branch="False" />
                <line number="25" hits="275" branch="False" />
                <line number="27" hits="275" branch="False" />
                <line number="28" hits="275" branch="False" />
                <line number="29" hits="275" branch="False" />
                <line number="31" hits="275" branch="True" condition-coverage="100% (2/2)">
                  <conditions>
                    <condition number="78" type="jump" coverage="100%" />
                  </conditions>
                </line>
                <line number="32" hits="15" branch="False" />
                <line number="33" hits="15" branch="False" />
                <line number="36" hits="260" branch="True" condition-coverage="100% (2/2)">
                  <conditions>
                    <condition number="114" type="jump" coverage="100%" />
                  </conditions>
                </line>
                <line number="37" hits="7" branch="False" />
                <line number="38" hits="7" branch="False" />
                <line number="39" hits="7" branch="False" />
                <line number="41" hits="3858" branch="True" condition-coverage="100% (2/2)">
                  <conditions>
                    <condition number="216" type="jump" coverage="100%" />
                  </conditions>
                </line>
                <line number="42" hits="1669" branch="False" />
                <line number="43" hits="1669" branch="True" condition-coverage="100% (4/4)">
                  <conditions>
                    <condition number="147" type="jump" coverage="100%" />
                    <condition number="167" type="jump" coverage="100%" />
                  </conditions>
                </line>
                <line number="44" hits="37" branch="False" />
                <line number="45" hits="37" branch="False" />
                <line number="46" hits="37" branch="False" />
                <line number="47" hits="1669" branch="False" />
                <line number="49" hits="260" branch="False" />
                <line number="50" hits="282" branch="False" />
              </lines>
            </method>
            <method name="NormalizeTokenKey" signature="(System.String)" line-rate="1" branch-rate="1" complexity="2">
              <lines>
                <line number="53" hits="1250" branch="False" />
                <line number="54" hits="1250" branch="False" />
                <line number="56" hits="1249" branch="True" condition-coverage="100% (2/2)">
                  <conditions>
                    <condition number="21" type="jump" coverage="100%" />
                  </conditions>
                </line>
                <line number="57" hits="46" branch="False" />
                <line number="58" hits="46" branch="False" />
                <line number="61" hits="1203" branch="False" />
                <line number="62" hits="1203" branch="False" />
                <line number="64" hits="1203" branch="False" />
                <line number="65" hits="1203" branch="False" />
                <line number="66" hits="1203" branch="False" />
                <line number="68" hits="1203" branch="False" />
                <line number="69" hits="1249" branch="False" />
              </lines>
            </method>
            <method name="ReplacePunctuationWithSpace" signature="(System.String)" line-rate="1" branch-rate="1" complexity="4">
              <lines>
                <line number="72" hits="1478" branch="False" />
                <line number="73" hits="1478" branch="False" />
                <line number="74" hits="57214" branch="True" condition-coverage="100% (2/2)">
                  <conditions>
                    <condition number="76" type="jump" coverage="100%" />
                  </conditions>
                </line>
                <line number="75" hits="26390" branch="False" />
                <line number="76" hits="26390" branch="True" condition-coverage="100% (2/2)">
                  <conditions>
                    <condition number="39" type="jump" coverage="100%" />
                  </conditions>
                </line>
                <line number="77" hits="15256" branch="False" />
                <line number="78" hits="15256" branch="False" />
                <line number="79" hits="15256" branch="False" />
                <line number="81" hits="11134" branch="False" />
                <line number="82" hits="11134" branch="False" />
                <line number="83" hits="11134" branch="False" />
                <line number="84" hits="26390" branch="False" />
                <line number="86" hits="1478" branch="False" />
                <line number="87" hits="1478" branch="False" />
              </lines>
            </method>
            <method name="FoldToAscii" signature="(System.String)" line-rate="1" branch-rate="1" complexity="4">
              <lines>
                <line number="90" hits="1478" branch="False" />
                <line number="91" hits="1478" branch="False" />
                <line number="92" hits="1478" branch="False" />
                <line number="94" hits="57218" branch="True" condition-coverage="100% (2/2)">
                  <conditions>
                    <condition number="84" type="jump" coverage="100%" />
                  </conditions>
                </line>
                <line number="95" hits="26392" branch="False" />
                <line number="96" hits="26392" branch="False" />
                <line number="97" hits="26392" branch="True" condition-coverage="100% (2/2)">
                  <conditions>
                    <condition number="59" type="jump" coverage="100%" />
                  </conditions>
                </line>
                <line number="98" hits="26390" branch="False" />
                <line number="99" hits="26390" branch="False" />
                <line number="100" hits="26390" branch="False" />
                <line number="101" hits="26392" branch="False" />
                <line number="103" hits="1478" branch="False" />
                <line number="104" hits="1478" branch="False" />
              </lines>
            </method>
            <method name=".cctor" signature="()" line-rate="1" branch-rate="1" complexity="1">
              <lines>
                <line number="8" hits="1" branch="False" />
                <line number="9" hits="1" branch="False" />
                <line number="10" hits="1" branch="False" />
                <line number="11" hits="1" branch="False" />
                <line number="12" hits="1" branch="False" />
                <line number="13" hits="1" branch="False" />
              </lines>
            </method>
          </methods>
          <lines>
            <line number="16" hits="283" branch="False" />
            <line number="17" hits="283" branch="False" />
            <line number="19" hits="282" branch="True" condition-coverage="100% (2/2)">
              <conditions>
                <condition number="21" type="jump" coverage="100%" />
              </conditions>
            </line>
            <line number="20" hits="7" branch="False" />
            <line number="21" hits="7" branch="False" />
            <line number="24" hits="275" branch="False" />
            <line number="25" hits="275" branch="False" />
            <line number="27" hits="275" branch="False" />
            <line number="28" hits="275" branch="False" />
            <line number="29" hits="275" branch="False" />
            <line number="31" hits="275" branch="True" condition-coverage="100% (2/2)">
              <conditions>
                <condition number="78" type="jump" coverage="100%" />
              </conditions>
            </line>
            <line number="32" hits="15" branch="False" />
            <line number="33" hits="15" branch="False" />
            <line number="36" hits="260" branch="True" condition-coverage="100% (2/2)">
              <conditions>
                <condition number="114" type="jump" coverage="100%" />
              </conditions>
            </line>
            <line number="37" hits="7" branch="False" />
            <line number="38" hits="7" branch="False" />
            <line number="39" hits="7" branch="False" />
            <line number="41" hits="3858" branch="True" condition-coverage="100% (2/2)">
              <conditions>
                <condition number="216" type="jump" coverage="100%" />
              </conditions>
            </line>
            <line number="42" hits="1669" branch="False" />
            <line number="43" hits="1669" branch="True" condition-coverage="100% (4/4)">
              <conditions>
                <condition number="147" type="jump" coverage="100%" />
                <condition number="167" type="jump" coverage="100%" />
              </conditions>
            </line>
            <line number="44" hits="37" branch="False" />
            <line number="45" hits="37" branch="False" />
            <line number="46" hits="37" branch="False" />
            <line number="47" hits="1669" branch="False" />
            <line number="49" hits="260" branch="False" />
            <line number="50" hits="282" branch="False" />
            <line number="53" hits="1250" branch="False" />
            <line number="54" hits="1250" branch="False" />
            <line number="56" hits="1249" branch="True" condition-coverage="100% (2/2)">
              <conditions>
                <condition number="21" type="jump" coverage="100%" />
              </conditions>
            </line>
            <line number="57" hits="46" branch="False" />
            <line number="58" hits="46" branch="False" />
            <line number="61" hits="1203" branch="False" />
            <line number="62" hits="1203" branch="False" />
            <line number="64" hits="1203" branch="False" />
            <line number="65" hits="1203" branch="False" />
            <line number="66" hits="1203" branch="False" />
            <line number="68" hits="1203" branch="False" />
            <line number="69" hits="1249" branch="False" />
            <line number="72" hits="1478" branch="False" />
            <line number="73" hits="1478" branch="False" />
            <line number="74" hits="57214" branch="True" condition-coverage="100% (2/2)">
              <conditions>
                <condition number="76" type="jump" coverage="100%" />
              </conditions>
            </line>
            <line number="75" hits="26390" branch="False" />
            <line number="76" hits="26390" branch="True" condition-coverage="100% (2/2)">
              <conditions>
                <condition number="39" type="jump" coverage="100%" />
              </conditions>
            </line>
            <line number="77" hits="15256" branch="False" />
            <line number="78" hits="15256" branch="False" />
            <line number="79" hits="15256" branch="False" />
            <line number="81" hits="11134" branch="False" />
            <line number="82" hits="11134" branch="False" />
            <line number="83" hits="11134" branch="False" />
            <line number="84" hits="26390" branch="False" />
            <line number="86" hits="1478" branch="False" />
            <line number="87" hits="1478" branch="False" />
            <line number="90" hits="1478" branch="False" />
            <line number="91" hits="1478" branch="False" />
            <line number="92" hits="1478" branch="False" />
            <line number="94" hits="57218" branch="True" condition-coverage="100% (2/2)">
              <conditions>
                <condition number="84" type="jump" coverage="100%" />
              </conditions>
            </line>
            <line number="95" hits="26392" branch="False" />
            <line number="96" hits="26392" branch="False" />
            <line number="97" hits="26392" branch="True" condition-coverage="100% (2/2)">
              <conditions>
                <condition number="59" type="jump" coverage="100%" />
              </conditions>
            </line>
            <line number="98" hits="26390" branch="False" />
            <line number="99" hits="26390" branch="False" />
            <line number="100" hits="26390" branch="False" />
            <line number="101" hits="26392" branch="False" />
            <line number="103" hits="1478" branch="False" />
            <line number="104" hits="1478" branch="False" />
            <line number="8" hits="1" branch="False" />
            <line number="9" hits="1" branch="False" />
            <line number="10" hits="1" branch="False" />
            <line number="11" hits="1" branch="False" />
            <line number="12" hits="1" branch="False" />
            <line number="13" hits="1" branch="False" />
          </lines>
        </class>
        <class name="SuwayomiSourceMerge.Configuration.Validation.ValidationResult" filename="SuwayomiSourceMerge\Configuration\Validation\ValidationResult.cs" line-rate="1" branch-rate="1" complexity="5">
          <methods>
            <method name="get_Errors" signature="()" line-rate="1" branch-rate="1" complexity="1">
              <lines>
                <line number="13" hits="63" branch="False" />
              </lines>
            </method>
            <method name="get_IsValid" signature="()" line-rate="1" branch-rate="1" complexity="1">
              <lines>
                <line number="18" hits="216" branch="False" />
              </lines>
            </method>
            <method name="Add" signature="(SuwayomiSourceMerge.Configuration.Validation.ValidationError)" line-rate="1" branch-rate="1" complexity="1">
              <lines>
                <line number="25" hits="20" branch="False" />
                <line number="26" hits="20" branch="False" />
                <line number="27" hits="19" branch="False" />
                <line number="28" hits="19" branch="False" />
              </lines>
            </method>
            <method name="AddRange" signature="(SuwayomiSourceMerge.Configuration.Validation.ValidationResult)" line-rate="1" branch-rate="1" complexity="1">
              <lines>
                <line number="35" hits="59" branch="False" />
                <line number="36" hits="59" branch="False" />
                <line number="37" hits="58" branch="False" />
                <line number="38" hits="58" branch="False" />
              </lines>
            </method>
            <method name=".ctor" signature="()" line-rate="1" branch-rate="1" complexity="1">
              <lines>
                <line number="8" hits="462" branch="False" />
              </lines>
            </method>
          </methods>
          <lines>
            <line number="13" hits="63" branch="False" />
            <line number="18" hits="216" branch="False" />
            <line number="25" hits="20" branch="False" />
            <line number="26" hits="20" branch="False" />
            <line number="27" hits="19" branch="False" />
            <line number="28" hits="19" branch="False" />
            <line number="35" hits="59" branch="False" />
            <line number="36" hits="59" branch="False" />
            <line number="37" hits="58" branch="False" />
            <line number="38" hits="58" branch="False" />
            <line number="8" hits="462" branch="False" />
          </lines>
        </class>
        <class name="SuwayomiSourceMerge.Configuration.Loading.ConfigurationSchemaService" filename="SuwayomiSourceMerge\Configuration\Loading\ConfigurationSchemaService.cs" line-rate="1" branch-rate="1" complexity="6">
          <methods>
            <method name="ParseSettings" signature="(System.String,System.String)" line-rate="1" branch-rate="1" complexity="1">
              <lines>
                <line number="26" hits="15" branch="False" />
                <line number="27" hits="15" branch="False" />
                <line number="28" hits="15" branch="False" />
              </lines>
            </method>
            <method name="ParseMangaEquivalents" signature="(System.String,System.String)" line-rate="1" branch-rate="1" complexity="1">
              <lines>
                <line number="34" hits="15" branch="False" />
                <line number="35" hits="15" branch="False" />
                <line number="36" hits="15" branch="False" />
              </lines>
            </method>
            <method name="ParseSceneTags" signature="(System.String,System.String)" line-rate="1" branch-rate="1" complexity="1">
              <lines>
                <line number="42" hits="15" branch="False" />
                <line number="43" hits="15" branch="False" />
                <line number="44" hits="15" branch="False" />
              </lines>
            </method>
            <method name="ParseSourcePriority" signature="(System.String,System.String)" line-rate="1" branch-rate="1" complexity="1">
              <lines>
                <line number="50" hits="15" branch="False" />
                <line number="51" hits="15" branch="False" />
                <line number="52" hits="15" branch="False" />
              </lines>
            </method>
            <method name=".ctor" signature="(SuwayomiSourceMerge.Configuration.Loading.ConfigurationValidationPipeline)" line-rate="1" branch-rate="1" complexity="2">
              <lines>
                <line number="17" hits="35" branch="False" />
                <line number="18" hits="35" branch="False" />
                <line number="19" hits="35" branch="True" condition-coverage="100% (2/2)">
                  <conditions>
                    <condition number="11" type="jump" coverage="100%" />
                  </conditions>
                </line>
                <line number="20" hits="34" branch="False" />
              </lines>
            </method>
          </methods>
          <lines>
            <line number="26" hits="15" branch="False" />
            <line number="27" hits="15" branch="False" />
            <line number="28" hits="15" branch="False" />
            <line number="34" hits="15" branch="False" />
            <line number="35" hits="15" branch="False" />
            <line number="36" hits="15" branch="False" />
            <line number="42" hits="15" branch="False" />
            <line number="43" hits="15" branch="False" />
            <line number="44" hits="15" branch="False" />
            <line number="50" hits="15" branch="False" />
            <line number="51" hits="15" branch="False" />
            <line number="52" hits="15" branch="False" />
            <line number="17" hits="35" branch="False" />
            <line number="18" hits="35" branch="False" />
            <line number="19" hits="35" branch="True" condition-coverage="100% (2/2)">
              <conditions>
                <condition number="11" type="jump" coverage="100%" />
              </conditions>
            </line>
            <line number="20" hits="34" branch="False" />
          </lines>
        </class>
        <class name="SuwayomiSourceMerge.Configuration.Loading.ConfigurationValidationPipeline" filename="SuwayomiSourceMerge\Configuration\Loading\ConfigurationValidationPipeline.cs" line-rate="1" branch-rate="1" complexity="6">
          <methods>
            <method name="ParseAndValidate" signature="(System.String,System.String,SuwayomiSourceMerge.Configuration.Validation.IConfigValidator`1&lt;TDocument&gt;)" line-rate="1" branch-rate="1" complexity="4">
              <lines>
                <line number="34" hits="66" branch="False" />
                <line number="35" hits="66" branch="False" />
                <line number="36" hits="65" branch="False" />
                <line number="37" hits="64" branch="False" />
                <line number="39" hits="63" branch="False" />
                <line number="40" hits="63" branch="True" condition-coverage="100% (4/4)">
                  <conditions>
                    <condition number="62" type="jump" coverage="100%" />
                    <condition number="83" type="jump" coverage="100%" />
                  </conditions>
                </line>
                <line number="41" hits="5" branch="False" />
                <line number="42" hits="5" branch="False" />
                <line number="45" hits="58" branch="False" />
                <line number="46" hits="57" branch="False" />
                <line number="47" hits="57" branch="False" />
                <line number="48" hits="62" branch="False" />
              </lines>
            </method>
            <method name=".ctor" signature="(SuwayomiSourceMerge.Configuration.Loading.YamlDocumentParser)" line-rate="1" branch-rate="1" complexity="2">
              <lines>
                <line number="16" hits="41" branch="False" />
                <line number="17" hits="41" branch="False" />
                <line number="18" hits="41" branch="True" condition-coverage="100% (2/2)">
                  <conditions>
                    <condition number="11" type="jump" coverage="100%" />
                  </conditions>
                </line>
                <line number="19" hits="40" branch="False" />
              </lines>
            </method>
          </methods>
          <lines>
            <line number="34" hits="66" branch="False" />
            <line number="35" hits="66" branch="False" />
            <line number="36" hits="65" branch="False" />
            <line number="37" hits="64" branch="False" />
            <line number="39" hits="63" branch="False" />
            <line number="40" hits="63" branch="True" condition-coverage="100% (4/4)">
              <conditions>
                <condition number="62" type="jump" coverage="100%" />
                <condition number="83" type="jump" coverage="100%" />
              </conditions>
            </line>
            <line number="41" hits="5" branch="False" />
            <line number="42" hits="5" branch="False" />
            <line number="45" hits="58" branch="False" />
            <line number="46" hits="57" branch="False" />
            <line number="47" hits="57" branch="False" />
            <line number="48" hits="62" branch="False" />
            <line number="16" hits="41" branch="False" />
            <line number="17" hits="41" branch="False" />
            <line number="18" hits="41" branch="True" condition-coverage="100% (2/2)">
              <conditions>
                <condition number="11" type="jump" coverage="100%" />
              </conditions>
            </line>
            <line number="19" hits="40" branch="False" />
          </lines>
        </class>
        <class name="SuwayomiSourceMerge.Configuration.Loading.ParsedDocument`1" filename="SuwayomiSourceMerge\Configuration\Loading\ParsedDocument.cs" line-rate="1" branch-rate="1" complexity="2">
          <methods>
            <method name="get_Document" signature="()" line-rate="1" branch-rate="1" complexity="1">
              <lines>
                <line number="16" hits="719" branch="False" />
              </lines>
            </method>
            <method name="get_Validation" signature="()" line-rate="1" branch-rate="1" complexity="1">
              <lines>
                <line number="22" hits="707" branch="False" />
              </lines>
            </method>
          </methods>
          <lines>
            <line number="16" hits="719" branch="False" />
            <line number="22" hits="707" branch="False" />
          </lines>
        </class>
        <class name="SuwayomiSourceMerge.Configuration.Loading.YamlDocumentParser" filename="SuwayomiSourceMerge\Configuration\Loading\YamlDocumentParser.cs" line-rate="1" branch-rate="1" complexity="3">
          <methods>
            <method name="Parse" signature="(System.String,System.String)" line-rate="1" branch-rate="1" complexity="2">
              <lines>
                <line number="39" hits="196" branch="False" />
                <line number="40" hits="196" branch="False" />
                <line number="41" hits="195" branch="False" />
                <line number="43" hits="194" branch="False" />
                <line number="46" hits="194" branch="False" />
                <line number="47" hits="194" branch="False" />
                <line number="48" hits="187" branch="True" condition-coverage="100% (2/2)">
                  <conditions>
                    <condition number="56" type="jump" coverage="100%" />
                  </conditions>
                </line>
                <line number="49" hits="1" branch="False" />
                <line number="50" hits="1" branch="False" />
                <line number="51" hits="1" branch="False" />
                <line number="54" hits="186" branch="False" />
                <line number="55" hits="186" branch="False" />
                <line number="56" hits="186" branch="False" />
                <line number="57" hits="186" branch="False" />
                <line number="58" hits="186" branch="False" />
                <line number="60" hits="7" branch="False" />
                <line number="61" hits="7" branch="False" />
                <line number="62" hits="7" branch="False" />
                <line number="63" hits="7" branch="False" />
                <line number="64" hits="7" branch="False" />
                <line number="66" hits="194" branch="False" />
[...]
                <line number="101" hits="7" branch="False" />
                <line number="102" hits="7" branch="False" />
                <line number="103" hits="7" branch="False" />
                <line number="104" hits="7" branch="False" />
                <line number="105" hits="7" branch="False" />
                <line number="106" hits="7" branch="False" />
                <line number="107" hits="7" branch="False" />
                <line number="108" hits="7" branch="False" />
                <line number="109" hits="7" branch="False" />
                <line number="110" hits="7" branch="False" />
                <line number="111" hits="7" branch="False" />
                <line number="112" hits="7" branch="False" />
                <line number="113" hits="7" branch="False" />
                <line number="114" hits="7" branch="False" />
                <line number="115" hits="7" branch="False" />
                <line number="116" hits="7" branch="False" />
                <line number="117" hits="7" branch="False" />
                <line number="118" hits="7" branch="False" />
                <line number="119" hits="7" branch="False" />
              </lines>
            </method>
            <method name="UseDefault" signature="(T,System.Boolean&amp;)" line-rate="1" branch-rate="1" complexity="1">
              <lines>
                <line number="122" hits="83" branch="False" />
                <line number="123" hits="83" branch="False" />
                <line number="124" hits="83" branch="False" />
                <line number="125" hits="83" branch="False" />
              </lines>
            </method>
            <method name=".ctor" signature="(SuwayomiSourceMerge.Configuration.Loading.YamlDocumentParser)" line-rate="1" branch-rate="1" complexity="2">
              <lines>
                <line number="10" hits="27" branch="False" />
                <line number="11" hits="27" branch="False" />
                <line number="12" hits="27" branch="True" condition-coverage="100% (2/2)">
                  <conditions>
                    <condition number="11" type="jump" coverage="100%" />
                  </conditions>
                </line>
                <line number="13" hits="26" branch="False" />
              </lines>
            </method>
          </methods>
          <lines>
            <line number="16" hits="12" branch="False" />
            <line number="17" hits="12" branch="False" />
            <line number="19" hits="9" branch="False" />
            <line number="20" hits="9" branch="False" />
            <line number="22" hits="8" branch="False" />
            <line number="23" hits="8" branch="True" condition-coverage="100% (4/4)">
              <conditions>
                <condition number="52" type="jump" coverage="100%" />
                <condition number="70" type="jump" coverage="100%" />
              </conditions>
            </line>
            <line number="24" hits="1" branch="False" />
            <line number="25" hits="1" branch="False" />
            <line number="28" hits="7" branch="False" />
            <line number="29" hits="7" branch="False" />
            <line number="30" hits="7" branch="False" />
            <line number="32" hits="7" branch="False" />
            <line number="33" hits="7" branch="False" />
            <line number="36" hits="7" branch="False" />
            <line number="37" hits="7" branch="False" />
            <line number="38" hits="7" branch="False" />
            <line number="39" hits="7" branch="False" />
            <line number="40" hits="7" branch="False" />
            <line number="41" hits="7" branch="False" />
            <line number="42" hits="7" branch="False" />
            <line number="43" hits="7" branch="False" />
            <line number="45" hits="7" branch="False" />
            <line number="46" hits="7" branch="False" />
            <line number="47" hits="7" branch="False" />
            <line number="48" hits="7" branch="False" />
            <line number="49" hits="7" branch="False" />
            <line number="50" hits="7" branch="False" />
            <line number="51" hits="7" branch="False" />
            <line number="53" hits="7" branch="True" condition-coverage="91.66% (154/168)">
              <conditions>
                <condition number="122" type="jump" coverage="50%" />
                <condition number="134" type="jump" coverage="50%" />
                <condition number="158" type="jump" coverage="50%" />
                <condition number="170" type="jump" coverage="100%" />
                <condition number="194" type="jump" coverage="50%" />
                <condition number="206" type="jump" coverage="100%" />
                <condition number="230" type="jump" coverage="50%" />
                <condition number="242" type="jump" coverage="100%" />
                <condition number="266" type="jump" coverage="50%" />
                <condition number="278" type="jump" coverage="100%" />
                <condition number="302" type="jump" coverage="50%" />
                <condition number="314" type="jump" coverage="100%" />
                <condition number="338" type="jump" coverage="50%" />
                <condition number="350" type="jump" coverage="100%" />
                <condition number="374" type="jump" coverage="50%" />
                <condition number="386" type="jump" coverage="100%" />
                <condition number="422" type="jump" coverage="50%" />
                <condition number="451" type="jump" coverage="50%" />
                <condition number="478" type="jump" coverage="50%" />
                <condition number="507" type="jump" coverage="100%" />
                <condition number="534" type="jump" coverage="50%" />
                <condition number="563" type="jump" coverage="100%" />
                <condition number="590" type="jump" coverage="50%" />
                <condition number="619" type="jump" coverage="100%" />
                <condition number="658" type="jump" coverage="100%" />
                <condition number="687" type="jump" coverage="100%" />
                <condition number="714" type="jump" coverage="100%" />
                <condition number="743" type="jump" coverage="100%" />
                <condition number="770" type="jump" coverage="100%" />
                <condition number="799" type="jump" coverage="100%" />
                <condition number="826" type="jump" coverage="100%" />
                <condition number="855" type="jump" coverage="100%" />
                <condition number="894" type="jump" coverage="100%" />
                <condition number="923" type="jump" coverage="100%" />
                <condition number="950" type="jump" coverage="100%" />
                <condition number="979" type="jump" coverage="100%" />
                <condition number="1006" type="jump" coverage="100%" />
                <condition number="1035" type="jump" coverage="100%" />
                <condition number="1062" type="jump" coverage="100%" />
                <condition number="1091" type="jump" coverage="100%" />
                <condition number="1118" type="jump" coverage="100%" />
                <condition number="1147" type="jump" coverage="100%" />
                <condition number="1174" type="jump" coverage="100%" />
                <condition number="1203" type="jump" coverage="100%" />
                <condition number="1230" type="jump" coverage="100%" />
                <condition number="1259" type="jump" coverage="100%" />
                <condition number="1286" type="jump" coverage="100%" />
                <condition number="1315" type="jump" coverage="100%" />
                <condition number="1342" type="jump" coverage="100%" />
                <condition number="1371" type="jump" coverage="100%" />
                <condition number="1398" type="jump" coverage="100%" />
                <condition number="1427" type="jump" coverage="100%" />
                <condition number="1467" type="jump" coverage="100%" />
                <condition number="1497" type="jump" coverage="100%" />
                <condition number="1525" type="jump" coverage="100%" />
                <condition number="1555" type="jump" coverage="100%" />
                <condition number="1583" type="jump" coverage="100%" />
                <condition number="1613" type="jump" coverage="100%" />
                <condition number="1641" type="jump" coverage="100%" />
                <condition number="1671" type="jump" coverage="100%" />
                <condition number="1699" type="jump" coverage="100%" />
                <condition number="1729" type="jump" coverage="100%" />
                <condition number="1757" type="jump" coverage="100%" />
                <condition number="1787" type="jump" coverage="100%" />
                <condition number="1827" type="jump" coverage="100%" />
                <condition number="1857" type="jump" coverage="100%" />
                <condition number="1885" type="jump" coverage="100%" />
                <condition number="1915" type="jump" coverage="100%" />
                <condition number="1943" type="jump" coverage="100%" />
                <condition number="1956" type="jump" coverage="100%" />
                <condition number="1993" type="jump" coverage="100%" />
                <condition number="2023" type="jump" coverage="100%" />
                <condition number="2051" type="jump" coverage="100%" />
                <condition number="2081" type="jump" coverage="100%" />
                <condition number="2109" type="jump" coverage="100%" />
                <condition number="2139" type="jump" coverage="100%" />
                <condition number="2167" type="jump" coverage="100%" />
                <condition number="2197" type="jump" coverage="100%" />
                <condition number="2225" type="jump" coverage="100%" />
                <condition number="2238" type="jump" coverage="100%" />
                <condition number="2263" type="jump" coverage="100%" />
                <condition number="2276" type="jump" coverage="100%" />
                <condition number="2301" type="jump" coverage="100%" />
                <condition number="2314" type="jump" coverage="100%" />
              </conditions>
            </line>
            <line number="54" hits="7" branch="False" />
            <line number="55" hits="7" branch="False" />
            <line number="56" hits="7" branch="False" />
            <line number="57" hits="7" branch="False" />
            <line number="58" hits="7" branch="False" />
            <line number="59" hits="7" branch="False" />
            <line number="60" hits="7" branch="False" />
            <line number="61" hits="7" branch="False" />
            <line number="62" hits="7" branch="False" />
            <line number="63" hits="7" branch="False" />
            <line number="64" hits="7" branch="False" />
            <line number="65" hits="7" branch="False" />
            <line number="66" hits="7" branch="False" />
            <line number="67" hits="7" branch="False" />
            <line number="68" hits="7" branch="False" />
            <line number="69" hits="7" branch="False" />
            <line number="70" hits="7" branch="False" />
            <line number="71" hits="7" branch="False" />
            <line number="72" hits="7" branch="False" />
            <line number="73" hits="7" branch="False" />
            <line number="74" hits="7" branch="False" />
            <line number="75" hits="7" branch="False" />
            <line number="76" hits="7" branch="False" />
            <line number="77" hits="7" branch="False" />
            <line number="78" hits="7" branch="False" />
            <line number="79" hits="7" branch="False" />
            <line number="80" hits="7" branch="False" />
            <line number="81" hits="7" branch="False" />
            <line number="82" hits="7" branch="False" />
            <line number="83" hits="7" branch="False" />
            <line number="84" hits="7" branch="False" />
            <line number="85" hits="7" branch="False" />
            <line number="86" hits="7" branch="False" />
            <line number="87" hits="7" branch="False" />
            <line number="88" hits="7" branch="False" />
            <line number="89" hits="7" branch="False" />
            <line number="90" hits="7" branch="False" />
            <line number="91" hits="7" branch="False" />
            <line number="92" hits="7" branch="False" />
            <line number="93" hits="7" branch="False" />
            <line number="94" hits="7" branch="False" />
            <line number="95" hits="7" branch="False" />
            <line number="96" hits="7" branch="False" />
            <line number="97" hits="7" branch="False" />
            <line number="98" hits="7" branch="False" />
            <line number="99" hits="7" branch="False" />
            <line number="100" hits="7" branch="False" />
            <line number="101" hits="7" branch="False" />
            <line number="102" hits="7" branch="False" />
            <line number="103" hits="7" branch="False" />
            <line number="104" hits="7" branch="False" />
            <line number="105" hits="7" branch="False" />
            <line number="106" hits="7" branch="False" />
            <line number="107" hits="7" branch="False" />
            <line number="108" hits="7" branch="False" />
            <line number="109" hits="7" branch="False" />
            <line number="110" hits="7" branch="False" />
            <line number="111" hits="7" branch="False" />
            <line number="112" hits="7" branch="False" />
            <line number="113" hits="7" branch="False" />
            <line number="114" hits="7" branch="False" />
            <line number="115" hits="7" branch="False" />
            <line number="116" hits="7" branch="False" />
            <line number="117" hits="7" branch="False" />
            <line number="118" hits="7" branch="False" />
            <line number="119" hits="7" branch="False" />
            <line number="122" hits="83" branch="False" />
            <line number="123" hits="83" branch="False" />
            <line number="124" hits="83" branch="False" />
            <line number="125" hits="83" branch="False" />
            <line number="10" hits="27" branch="False" />
            <line number="11" hits="27" branch="False" />
            <line number="12" hits="27" branch="True" condition-coverage="100% (2/2)">
              <conditions>
                <condition number="11" type="jump" coverage="100%" />
              </conditions>
            </line>
            <line number="13" hits="26" branch="False" />
          </lines>
        </class>
        <class name="SuwayomiSourceMerge.Configuration.Bootstrap.YamlDocumentWriter" filename="SuwayomiSourceMerge\Configuration\Bootstrap\YamlDocumentWriter.cs" line-rate="0.8695" branch-rate="0.75" complexity="5">
          <methods>
            <method name="Write" signature="(System.String,TDocument)" line-rate="0.8125" branch-rate="0.75" complexity="4">
              <lines>
                <line number="20" hits="46" branch="False" />
                <line number="21" hits="46" branch="False" />
                <line number="22" hits="43" branch="False" />
                <line number="24" hits="42" branch="False" />
                <line number="25" hits="42" branch="False" />
                <line number="27" hits="42" branch="True" condition-coverage="50% (1/2)">
                  <conditions>
                    <condition number="77" type="jump" coverage="50%" />
                  </conditions>
                </line>
                <line number="28" hits="0" branch="False" />
                <line number="29" hits="0" branch="False" />
                <line number="30" hits="0" branch="False" />
                <line number="32" hits="42" branch="False" />
                <line number="33" hits="42" branch="True" condition-coverage="100% (2/2)">
                  <conditions>
                    <condition number="111" type="jump" coverage="100%" />
                  </conditions>
                </line>
                <line number="34" hits="42" branch="False" />
                <line number="35" hits="42" branch="False" />
                <line number="36" hits="42" branch="False" />
                <line number="38" hits="42" branch="False" />
                <line number="39" hits="42" branch="False" />
              </lines>
            </method>
            <method name=".ctor" signature="()" line-rate="1" branch-rate="1" complexity="1">
              <lines>
                <line number="10" hits="25" branch="False" />
                <line number="11" hits="25" branch="False" />
                <line number="12" hits="25" branch="False" />
                <line number="13" hits="25" branch="False" />
                <line number="14" hits="25" branch="False" />
                <line number="15" hits="25" branch="False" />
                <line number="16" hits="25" branch="False" />
              </lines>
            </method>
          </methods>
          <lines>
            <line number="20" hits="46" branch="False" />
            <line number="21" hits="46" branch="False" />
            <line number="22" hits="43" branch="False" />
            <line number="24" hits="42" branch="False" />
            <line number="25" hits="42" branch="False" />
            <line number="27" hits="42" branch="True" condition-coverage="50% (1/2)">
              <conditions>
                <condition number="77" type="jump" coverage="50%" />
              </conditions>
            </line>
            <line number="28" hits="0" branch="False" />
            <line number="29" hits="0" branch="False" />
            <line number="30" hits="0" branch="False" />
            <line number="32" hits="42" branch="False" />
            <line number="33" hits="42" branch="True" condition-coverage="100% (2/2)">
              <conditions>
                <condition number="111" type="jump" coverage="100%" />
              </conditions>
            </line>
            <line number="34" hits="42" branch="False" />
            <line number="35" hits="42" branch="False" />
            <line number="36" hits="42" branch="False" />
            <line number="38" hits="42" branch="False" />
            <line number="39" hits="42" branch="False" />
            <line number="10" hits="25" branch="False" />
            <line number="11" hits="25" branch="False" />
            <line number="12" hits="25" branch="False" />
            <line number="13" hits="25" branch="False" />
            <line number="14" hits="25" branch="False" />
            <line number="15" hits="25" branch="False" />
            <line number="16" hits="25" branch="False" />
          </lines>
        </class>
      </classes>
    </package>
    <package name="SuwayomiSourceMerge.Testing" line-rate="1" branch-rate="1" complexity="1">
      <classes>
        <class name="SuwayomiSourceMerge.Testing.TestPathHelper" filename="tests\SuwayomiSourceMerge.Testing\Class1.cs" line-rate="1" branch-rate="1" complexity="1">
          <methods>
            <method name="Combine" signature="(System.String[])" line-rate="1" branch-rate="1" complexity="1">
              <lines>
                <line number="14" hits="1" branch="False" />
                <line number="15" hits="1" branch="False" />
                <line number="16" hits="1" branch="False" />
              </lines>
            </method>
          </methods>
          <lines>
            <line number="14" hits="1" branch="False" />
            <line number="15" hits="1" branch="False" />
            <line number="16" hits="1" branch="False" />
          </lines>
        </class>
      </classes>
    </package>
  </packages>
</coverage>